=== SYSTEM INFORMATION:
Quod Libet 4.4.0
Mutagen 1.45.1
Python 3.9.7 (default, Aug 31 2021, 13:28:12) 
[GCC 11.1.0] linux
Platform Linux-5.14.8-arch1-1-x86_64-with-glibc2.33
=== STACK TRACE

Traceback (most recent call last):

  File "/usr/lib/python3.9/site-packages/quodlibet/player/gstbe/player.py", line 409, in __init_pipeline
    pipeline, self._pipeline_desc = GStreamerSink(pipeline)

  File "/usr/lib/python3.9/site-packages/quodlibet/player/gstbe/util.py", line 180, in GStreamerSink
    elm, pipeline_desc = find_audio_sink()

  File "/usr/lib/python3.9/site-packages/quodlibet/player/gstbe/util.py", line 145, in find_audio_sink
    raise PlayerError(_("No GStreamer audio sink found. Tried: %s") % details)

quodlibet.player.PlayerError: No GStreamer audio sink found. Tried: pulsesink


During handling of the above exception, another exception occurred:


Traceback (most recent call last):

  File "/usr/lib/python3.9/site-packages/quodlibet/ext/events/waveformseekbar.py", line 200, in _on_song_changed
    self._create_waveform(player.info, CONFIG.max_data_points)

  File "/usr/lib/python3.9/site-packages/quodlibet/ext/events/waveformseekbar.py", line 110, in _create_waveform
    pipeline = Gst.parse_launch(command)

gi.repository.GLib.GError: gst_parse_error: no element "level" (1)

=== LOG:
D: 0.450: util.importhelper.get_importables: Ignoring '/usr/lib/python3.9/site-packages/quodlibet/ext/gstreamer/__pycache__'
D: 0.450: util.importhelper.get_importables: Ignoring '/usr/lib/python3.9/site-packages/quodlibet/ext/covers/__pycache__'
D: 0.450: util.importhelper.get_importables: Ignoring '/usr/lib/python3.9/site-packages/quodlibet/ext/query/__pycache__'
D: 0.757: ModuleScanner.rescan: Rescanning done: 88 added, 0 removed, 13 error(s)
D: 0.759: PluginManager.rescan: Rescanning done.
D: 0.759: PluginManager.register_handler: Registering handler: 'EditTagsPluginHandler'
D: 0.759: PluginManager.register_handler: Registering handler: 'RenameFilesPluginHandler'
D: 0.759: PluginManager.register_handler: Registering handler: 'TagsFromPathPluginHandler'
D: 0.759: PluginManager.register_handler: Registering handler: 'GStreamerPlayer'
D: 0.760: PluginManager.register_handler: Registering handler: 'SongsMenuPluginHandler'
D: 0.760: PluginManager.register_handler: Registering handler: 'CoverPluginHandler'
D: 0.760: PluginManager.register_handler: Registering handler: 'PlaylistPluginHandler'
D: 0.760: PluginManager.register_handler: Registering handler: 'QueryPluginHandler'
D: 0.791: PluginManager.register_handler: Registering handler: 'PluggableOrders'
D: 0.792: PluginManager.register_handler: Registering handler: 'PluggableOrders'
D: 0.793: qltk.playorder.__compose_order: Updating PlaylistModel order to <Random>
D: 0.820: GStreamerPlayer.go_to: Going to None
D: 0.820: PlaylistMux.go_to: Told to go to None
D: 0.820: QueueModel.go_to: Told to go to None
D: 0.820: PlaylistModel.go_to: Told to go to None
D: 0.821: AlbumLibrary.__init__: Initializing Album Library to watch 'main'
D: 0.872: Query.__init__: Creating query ''
D: 0.872: Query.__init__: Creating query ''
D: 0.873: Query.__init__: Creating query ''
D: 0.875: qltk.window.__restore_state: Restore state
D: 0.875: qltk.window.__restore_position: Restore position
D: 0.875: qltk.window.__restore_size: Restore size
D: 0.876: PluginManager.register_handler: Registering handler: 'EventPluginHandler'
D: 0.876: PluginManager.enable: Enable 'QLScrobbler'
D: 0.877: QLScrobbler.enabled: Plugin enabled - accepting new songs.
D: 0.877: PluginManager.enable: Enable 'WaveformSeekBar'
D: 0.878: PluginManager.enable: Enable 'View Lyrics'
D: 0.880: PluginManager.enable: Enable 'mpris'
D: 0.881: PluginManager.register_handler: Registering handler: 'UserInterfacePluginHandler'
D: 0.881: UserInterfacePluginHandler.plugin_enable: Enabling sidebar for <class 'quodlibet.fake.plugins.viewlyrics.ViewLyrics'>
D: 0.881: QuodLibetWindow.add_sidebar_to_layout: Recreating sidebar
D: 0.882: mmkeys.find_active_backend: Trying to find a mmkeys backend
D: 0.893: session.init: Trying GnomeSessionClient
D: 0.893: GnomeSessionClient.open: Connecting with gnome session manager
D: 0.893: session.init: org.gnome.SessionManager unowned
D: 0.894: session.init: Trying XfceSessionClient
D: 0.894: XfceSessionClient.open: Connecting with gnome session manager
D: 0.894: session.init: org.xfce.SessionManager unowned
D: 0.894: session.init: Trying XSMPSessionClient
D: 0.896: XSMPSessionClient.open: Connecting with XSMP
D: 0.896: XSMPSessionClient.open: Connected. Client ID: 101aa1c4fe14a000163337225300000331190033
D: 0.896: _main.run: Entering quodlibet.main
D: 1.032: PlaylistModel.set: Filling view model with 18 songs.
D: 1.032: GStreamerPlayer.go_to: Going to '/mnt/windata/Users/gzfrog/Music/Carpenter Brut/[2015] Trilogy/15. Run, Sally, Run!.mp3'
D: 1.032: PlaylistMux.go_to: Told to go to '/mnt/windata/Users/gzfrog/Music/Carpenter Brut/[2015] Trilogy/15. Run, Sally, Run!.mp3'
D: 1.032: QueueModel.go_to: Told to go to None
D: 1.032: PlaylistModel.go_to: Told to go to '/mnt/windata/Users/gzfrog/Music/Carpenter Brut/[2015] Trilogy/15. Run, Sally, Run!.mp3'
D: 1.033: GStreamerPlayer._end: End song
D: 1.033: player.gstbe.player.__destroy_pipeline: Destroying Gstreamer pipeline
D: 1.033: player.gstbe.player.__init_pipeline: User pipeline (from player.gst_pipeline): ''
D: 1.046: player.gstbe.player.__destroy_pipeline: Destroying Gstreamer pipeline
W: 1.046: GStreamerPlayer._error: No GStreamer audio sink found. Tried: pulsesink
D: 1.061: session.xsmp.save_yourself: xsmp: save_yourself (<SaveType.LOCAL: 1>, False, <InteractStyle.NONE: 0>, False)
D: 1.061: session.xsmp.save_complete: xsmp: save_complete
D: 1.456: Query.__init__: Creating query ''
D: 1.621: SongFileLibrary.rebuild('main'): Rebuilding, force is False
D: 1.904: SongFileLibrary.rebuild('main'): Removing 0, changing 0).
D: 1.905: SongFileLibrary.scan('main'): Scanning /home/gzfrog/Music
D: 2.942: util.cover.manager.run: Found local cover from EmbeddedCover: <tempfile._TemporaryFileWrapper object at 0x7f64fc61a3d0>
D: 2.943: ViewLyrics.plugin_on_song_started: Looking for lyrics for /mnt/windata/Users/gzfrog/Music/Carpenter Brut/[2015] Trilogy/15. Run, Sally, Run!.mp3
D: 2.948: WaveformSeekBar._create_waveform: Computing data for each 0.096 seconds
E: 2.954: errorreport.main.errorhook: waveformseekbar.py:110:_create_waveform: gi.repository.GLib.GError: gst_parse_error: no element "level" (1)
D: 3.276: player.gstbe.player.__init_pipeline: User pipeline (from player.gst_pipeline): ''
D: 3.290: player.gstbe.player.__destroy_pipeline: Destroying Gstreamer pipeline
W: 3.290: GStreamerPlayer._error: No GStreamer audio sink found. Tried: pulsesink
D: 3.351: SongFileLibrary._changed('main'): Changing 1 items.
D: 3.352: ViewLyrics.plugin_on_changed: Active song changed, reloading lyrics
D: 3.352: ViewLyrics.plugin_on_song_started: Looking for lyrics for /mnt/windata/Users/gzfrog/Music/Carpenter Brut/[2015] Trilogy/15. Run, Sally, Run!.mp3
D: 3.353: WaveformSeekBar._create_waveform: Computing data for each 0.096 seconds
E: 3.353: errorreport.main.errorhook: waveformseekbar.py:110:_create_waveform: gi.repository.GLib.GError: gst_parse_error: no element "level" (1)